# JRE version: OpenJDK Runtime Environment (17.0.9) (build 17.0.9+0--11185874)
# Java VM: OpenJDK 64-Bit Server VM (17.0.9+0--11185874, mixed mode, tiered, compressed oops, compressed class ptrs, g1 gc, windows-amd64)
GC Precious Log:
 CPUs: 2 total, 2 available
 Memory: 3901M
 Large Page Support: Disabled
 NUMA Support: Disabled
 Compressed Oops: Enabled (32-bit)
 Heap Region Size: 1M
 Heap Min Capacity: 8M
 Heap Initial Capacity: 62M
 Heap Max Capacity: 2G
 Pre-touch: Disabled
 Parallel Workers: 2
 Concurrent Workers: 1
 Concurrent Refinement Workers: 2
 Periodic GC: Disabled
Heap:
 garbage-first heap   total 534528K, used 151552K [0x0000000080000000, 0x0000000100000000)
  region size 1024K, 21 young (21504K), 6 survivors (6144K)
 Metaspace       used 130682K, committed 131392K, reserved 1179648K
  class space    used 16763K, committed 17088K, reserved 1048576K
GC Heap History (20 events):
Event: 384.157 GC heap before
{Heap before GC invocations=73 (full 0):
 garbage-first heap   total 188416K, used 116928K [0x0000000080000000, 0x0000000100000000)
  region size 1024K, 9 young (9216K), 2 survivors (2048K)
 Metaspace       used 123466K, committed 124160K, reserved 1179648K
  class space    used 15801K, committed 16128K, reserved 1048576K
}
Event: 384.401 GC heap after
{Heap after GC invocations=74 (full 0):
 garbage-first heap   total 267264K, used 110545K [0x0000000080000000, 0x0000000100000000)
  region size 1024K, 2 young (2048K), 2 survivors (2048K)
 Metaspace       used 123466K, committed 124160K, reserved 1179648K
  class space    used 15801K, committed 16128K, reserved 1048576K
}
Event: 387.173 GC heap before
{Heap before GC invocations=74 (full 0):
 garbage-first heap   total 267264K, used 121809K [0x0000000080000000, 0x0000000100000000)
  region size 1024K, 13 young (13312K), 2 survivors (2048K)
 Metaspace       used 124355K, committed 125056K, reserved 1179648K
  class space    used 15899K, committed 16192K, reserved 1048576K
}
Event: 387.203 GC heap after
{Heap after GC invocations=75 (full 0):
 garbage-first heap   total 267264K, used 111284K [0x0000000080000000, 0x0000000100000000)
  region size 1024K, 2 young (2048K), 2 survivors (2048K)
 Metaspace       used 124355K, committed 125056K, reserved 1179648K
  class space    used 15899K, committed 16192K, reserved 1048576K
}
Event: 388.440 GC heap before
{Heap before GC invocations=75 (full 0):
 garbage-first heap   total 267264K, used 122548K [0x0000000080000000, 0x0000000100000000)
  region size 1024K, 13 young (13312K), 2 survivors (2048K)
 Metaspace       used 125357K, committed 126080K, reserved 1179648K
  class space    used 16053K, committed 16384K, reserved 1048576K
}
Event: 388.465 GC heap after
{Heap after GC invocations=76 (full 0):
 garbage-first heap   total 267264K, used 111912K [0x0000000080000000, 0x0000000100000000)
  region size 1024K, 2 young (2048K), 2 survivors (2048K)
 Metaspace       used 125357K, committed 126080K, reserved 1179648K
  class space    used 16053K, committed 16384K, reserved 1048576K
}
Event: 389.156 GC heap before
{Heap before GC invocations=76 (full 0):
 garbage-first heap   total 267264K, used 123176K [0x0000000080000000, 0x0000000100000000)
  region size 1024K, 13 young (13312K), 2 survivors (2048K)
 Metaspace       used 126546K, committed 127232K, reserved 1179648K
  class space    used 16270K, committed 16576K, reserved 1048576K
}
Event: 389.175 GC heap after
{Heap after GC invocations=77 (full 0):
 garbage-first heap   total 267264K, used 111409K [0x0000000080000000, 0x0000000100000000)
  region size 1024K, 1 young (1024K), 1 survivors (1024K)
 Metaspace       used 126546K, committed 127232K, reserved 1179648K
  class space    used 16270K, committed 16576K, reserved 1048576K
}
Event: 392.051 GC heap before
{Heap before GC invocations=77 (full 0):
 garbage-first heap   total 267264K, used 134961K [0x0000000080000000, 0x0000000100000000)
  region size 1024K, 24 young (24576K), 1 survivors (1024K)
 Metaspace       used 127630K, committed 128384K, reserved 1179648K
  class space    used 16431K, committed 16768K, reserved 1048576K
}
Event: 392.081 GC heap after
{Heap after GC invocations=78 (full 0):
 garbage-first heap   total 267264K, used 114383K [0x0000000080000000, 0x0000000100000000)
  region size 1024K, 3 young (3072K), 3 survivors (3072K)
 Metaspace       used 127630K, committed 128384K, reserved 1179648K
  class space    used 16431K, committed 16768K, reserved 1048576K
}
Event: 392.268 GC heap before
{Heap before GC invocations=78 (full 0):
 garbage-first heap   total 267264K, used 124623K [0x0000000080000000, 0x0000000100000000)
  region size 1024K, 13 young (13312K), 3 survivors (3072K)
 Metaspace       used 127633K, committed 128384K, reserved 1179648K
  class space    used 16431K, committed 16768K, reserved 1048576K
}
Event: 392.329 GC heap after
{Heap after GC invocations=79 (full 0):
 garbage-first heap   total 267264K, used 116872K [0x0000000080000000, 0x0000000100000000)
  region size 1024K, 2 young (2048K), 2 survivors (2048K)
 Metaspace       used 127633K, committed 128384K, reserved 1179648K
  class space    used 16431K, committed 16768K, reserved 1048576K
}
Event: 392.580 GC heap before
{Heap before GC invocations=79 (full 0):
 garbage-first heap   total 267264K, used 133256K [0x0000000080000000, 0x0000000100000000)
  region size 1024K, 18 young (18432K), 2 survivors (2048K)
 Metaspace       used 127637K, committed 128384K, reserved 1179648K
  class space    used 16431K, committed 16768K, reserved 1048576K
}
Event: 392.607 GC heap after
{Heap after GC invocations=80 (full 0):
 garbage-first heap   total 534528K, used 117162K [0x0000000080000000, 0x0000000100000000)
  region size 1024K, 1 young (1024K), 1 survivors (1024K)
 Metaspace       used 127637K, committed 128384K, reserved 1179648K
  class space    used 16431K, committed 16768K, reserved 1048576K
}
Event: 401.574 GC heap before
{Heap before GC invocations=80 (full 0):
 garbage-first heap   total 534528K, used 158122K [0x0000000080000000, 0x0000000100000000)
  region size 1024K, 41 young (41984K), 1 survivors (1024K)
 Metaspace       used 128949K, committed 129664K, reserved 1179648K
  class space    used 16564K, committed 16896K, reserved 1048576K
}
Event: 401.600 GC heap after
{Heap after GC invocations=81 (full 0):
 garbage-first heap   total 534528K, used 121590K [0x0000000080000000, 0x0000000100000000)
  region size 1024K, 5 young (5120K), 5 survivors (5120K)
 Metaspace       used 128949K, committed 129664K, reserved 1179648K
  class space    used 16564K, committed 16896K, reserved 1048576K
}
Event: 410.967 GC heap before
{Heap before GC invocations=81 (full 0):
 garbage-first heap   total 534528K, used 142070K [0x0000000080000000, 0x0000000100000000)
  region size 1024K, 26 young (26624K), 5 survivors (5120K)
 Metaspace       used 130430K, committed 131200K, reserved 1179648K
  class space    used 16749K, committed 17088K, reserved 1048576K
}
Event: 411.052 GC heap after
{Heap after GC invocations=82 (full 0):
 garbage-first heap   total 534528K, used 124358K [0x0000000080000000, 0x0000000100000000)
  region size 1024K, 3 young (3072K), 3 survivors (3072K)
 Metaspace       used 130430K, committed 131200K, reserved 1179648K
  class space    used 16749K, committed 17088K, reserved 1048576K
}
Event: 414.135 GC heap before
{Heap before GC invocations=82 (full 0):
 garbage-first heap   total 534528K, used 171462K [0x0000000080000000, 0x0000000100000000)
  region size 1024K, 46 young (47104K), 3 survivors (3072K)
 Metaspace       used 130653K, committed 131392K, reserved 1179648K
  class space    used 16763K, committed 17088K, reserved 1048576K
}
Event: 414.205 GC heap after
{Heap after GC invocations=83 (full 0):
 garbage-first heap   total 534528K, used 134144K [0x0000000080000000, 0x0000000100000000)
  region size 1024K, 6 young (6144K), 6 survivors (6144K)
 Metaspace       used 130653K, committed 131392K, reserved 1179648K
  class space    used 16763K, committed 17088K, reserved 1048576K
}

