# JRE version: OpenJDK Runtime Environment (17.0.9) (build 17.0.9+0--11185874)
# Java VM: OpenJDK 64-Bit Server VM (17.0.9+0--11185874, mixed mode, tiered, compressed oops, compressed class ptrs, g1 gc, windows-amd64)
GC Precious Log:
 CPUs: 2 total, 2 available
 Memory: 3901M
 Large Page Support: Disabled
 NUMA Support: Disabled
 Compressed Oops: Enabled (32-bit)
 Heap Region Size: 1M
 Heap Min Capacity: 8M
 Heap Initial Capacity: 62M
 Heap Max Capacity: 2G
 Pre-touch: Disabled
 Parallel Workers: 2
 Concurrent Workers: 1
 Concurrent Refinement Workers: 2
 Periodic GC: Disabled
Heap:
 garbage-first heap   total 97280K, used 71999K [0x0000000080000000, 0x0000000100000000)
  region size 1024K, 18 young (18432K), 1 survivors (1024K)
 Metaspace       used 54127K, committed 54656K, reserved 1114112K
  class space    used 7222K, committed 7488K, reserved 1048576K
GC Heap History (20 events):
Event: 88.496 GC heap before
{Heap before GC invocations=22 (full 0):
 garbage-first heap   total 71680K, used 54811K [0x0000000080000000, 0x0000000100000000)
  region size 1024K, 17 young (17408K), 3 survivors (3072K)
 Metaspace       used 43253K, committed 43648K, reserved 1114112K
  class space    used 5803K, committed 5952K, reserved 1048576K
}
Event: 88.511 GC heap after
{Heap after GC invocations=23 (full 0):
 garbage-first heap   total 71680K, used 42887K [0x0000000080000000, 0x0000000100000000)
  region size 1024K, 3 young (3072K), 3 survivors (3072K)
 Metaspace       used 43253K, committed 43648K, reserved 1114112K
  class space    used 5803K, committed 5952K, reserved 1048576K
}
Event: 88.847 GC heap before
{Heap before GC invocations=23 (full 0):
 garbage-first heap   total 71680K, used 57223K [0x0000000080000000, 0x0000000100000000)
  region size 1024K, 17 young (17408K), 3 survivors (3072K)
 Metaspace       used 43625K, committed 43968K, reserved 1114112K
  class space    used 5832K, committed 6016K, reserved 1048576K
}
Event: 88.864 GC heap after
{Heap after GC invocations=24 (full 0):
 garbage-first heap   total 71680K, used 45040K [0x0000000080000000, 0x0000000100000000)
  region size 1024K, 3 young (3072K), 3 survivors (3072K)
 Metaspace       used 43625K, committed 43968K, reserved 1114112K
  class space    used 5832K, committed 6016K, reserved 1048576K
}
Event: 89.544 GC heap before
{Heap before GC invocations=25 (full 0):
 garbage-first heap   total 76800K, used 55280K [0x0000000080000000, 0x0000000100000000)
  region size 1024K, 15 young (15360K), 3 survivors (3072K)
 Metaspace       used 44090K, committed 44480K, reserved 1114112K
  class space    used 5879K, committed 6080K, reserved 1048576K
}
Event: 89.564 GC heap after
{Heap after GC invocations=26 (full 0):
 garbage-first heap   total 76800K, used 46427K [0x0000000080000000, 0x0000000100000000)
  region size 1024K, 2 young (2048K), 2 survivors (2048K)
 Metaspace       used 44090K, committed 44480K, reserved 1114112K
  class space    used 5879K, committed 6080K, reserved 1048576K
}
Event: 89.639 GC heap before
{Heap before GC invocations=27 (full 0):
 garbage-first heap   total 80896K, used 47451K [0x0000000080000000, 0x0000000100000000)
  region size 1024K, 3 young (3072K), 2 survivors (2048K)
 Metaspace       used 44090K, committed 44480K, reserved 1114112K
  class space    used 5879K, committed 6080K, reserved 1048576K
}
Event: 89.644 GC heap after
{Heap after GC invocations=28 (full 0):
 garbage-first heap   total 80896K, used 47035K [0x0000000080000000, 0x0000000100000000)
  region size 1024K, 1 young (1024K), 1 survivors (1024K)
 Metaspace       used 44090K, committed 44480K, reserved 1114112K
  class space    used 5879K, committed 6080K, reserved 1048576K
}
Event: 91.977 GC heap before
{Heap before GC invocations=29 (full 0):
 garbage-first heap   total 89088K, used 67515K [0x0000000080000000, 0x0000000100000000)
  region size 1024K, 18 young (18432K), 1 survivors (1024K)
 Metaspace       used 46933K, committed 47360K, reserved 1114112K
  class space    used 6181K, committed 6400K, reserved 1048576K
}
Event: 91.984 GC heap after
{Heap after GC invocations=30 (full 0):
 garbage-first heap   total 89088K, used 47365K [0x0000000080000000, 0x0000000100000000)
  region size 1024K, 2 young (2048K), 2 survivors (2048K)
 Metaspace       used 46933K, committed 47360K, reserved 1114112K
  class space    used 6181K, committed 6400K, reserved 1048576K
}
Event: 95.146 GC heap before
{Heap before GC invocations=30 (full 0):
 garbage-first heap   total 89088K, used 70917K [0x0000000080000000, 0x0000000100000000)
  region size 1024K, 25 young (25600K), 2 survivors (2048K)
 Metaspace       used 49181K, committed 49664K, reserved 1114112K
  class space    used 6544K, committed 6784K, reserved 1048576K
}
Event: 95.162 GC heap after
{Heap after GC invocations=31 (full 0):
 garbage-first heap   total 89088K, used 49340K [0x0000000080000000, 0x0000000100000000)
  region size 1024K, 4 young (4096K), 4 survivors (4096K)
 Metaspace       used 49181K, committed 49664K, reserved 1114112K
  class space    used 6544K, committed 6784K, reserved 1048576K
}
Event: 96.307 GC heap before
{Heap before GC invocations=32 (full 0):
 garbage-first heap   total 89088K, used 53436K [0x0000000080000000, 0x0000000100000000)
  region size 1024K, 9 young (9216K), 4 survivors (4096K)
 Metaspace       used 49318K, committed 49792K, reserved 1114112K
  class space    used 6564K, committed 6784K, reserved 1048576K
}
Event: 96.319 GC heap after
{Heap after GC invocations=33 (full 0):
 garbage-first heap   total 89088K, used 49890K [0x0000000080000000, 0x0000000100000000)
  region size 1024K, 3 young (3072K), 3 survivors (3072K)
 Metaspace       used 49318K, committed 49792K, reserved 1114112K
  class space    used 6564K, committed 6784K, reserved 1048576K
}
Event: 97.896 GC heap before
{Heap before GC invocations=34 (full 0):
 garbage-first heap   total 92160K, used 66274K [0x0000000080000000, 0x0000000100000000)
  region size 1024K, 18 young (18432K), 3 survivors (3072K)
 Metaspace       used 50375K, committed 50880K, reserved 1114112K
  class space    used 6682K, committed 6912K, reserved 1048576K
}
Event: 97.906 GC heap after
{Heap after GC invocations=35 (full 0):
 garbage-first heap   total 92160K, used 55487K [0x0000000080000000, 0x0000000100000000)
  region size 1024K, 3 young (3072K), 3 survivors (3072K)
 Metaspace       used 50375K, committed 50880K, reserved 1114112K
  class space    used 6682K, committed 6912K, reserved 1048576K
}
Event: 97.996 GC heap before
{Heap before GC invocations=36 (full 0):
 garbage-first heap   total 97280K, used 56511K [0x0000000080000000, 0x0000000100000000)
  region size 1024K, 4 young (4096K), 3 survivors (3072K)
 Metaspace       used 50375K, committed 50880K, reserved 1114112K
  class space    used 6682K, committed 6912K, reserved 1048576K
}
Event: 98.006 GC heap after
{Heap after GC invocations=37 (full 0):
 garbage-first heap   total 97280K, used 56271K [0x0000000080000000, 0x0000000100000000)
  region size 1024K, 1 young (1024K), 1 survivors (1024K)
 Metaspace       used 50375K, committed 50880K, reserved 1114112K
  class space    used 6682K, committed 6912K, reserved 1048576K
}
Event: 100.620 GC heap before
{Heap before GC invocations=38 (full 0):
 garbage-first heap   total 97280K, used 78799K [0x0000000080000000, 0x0000000100000000)
  region size 1024K, 22 young (22528K), 1 survivors (1024K)
 Metaspace       used 52222K, committed 52736K, reserved 1114112K
  class space    used 6867K, committed 7104K, reserved 1048576K
}
Event: 100.624 GC heap after
{Heap after GC invocations=39 (full 0):
 garbage-first heap   total 97280K, used 55615K [0x0000000080000000, 0x0000000100000000)
  region size 1024K, 1 young (1024K), 1 survivors (1024K)
 Metaspace       used 52222K, committed 52736K, reserved 1114112K
  class space    used 6867K, committed 7104K, reserved 1048576K
}

