# JRE version: OpenJDK Runtime Environment (17.0.9) (build 17.0.9+0--11185874)
# Java VM: OpenJDK 64-Bit Server VM (17.0.9+0--11185874, mixed mode, tiered, compressed oops, compressed class ptrs, g1 gc, windows-amd64)
GC Precious Log:
 CPUs: 2 total, 2 available
 Memory: 3901M
 Large Page Support: Disabled
 NUMA Support: Disabled
 Compressed Oops: Enabled (32-bit)
 Heap Region Size: 1M
 Heap Min Capacity: 8M
 Heap Initial Capacity: 62M
 Heap Max Capacity: 2G
 Pre-touch: Disabled
 Parallel Workers: 2
 Concurrent Workers: 1
 Concurrent Refinement Workers: 2
 Periodic GC: Disabled
Heap:
 garbage-first heap   total 283648K, used 165846K [0x0000000080000000, 0x0000000100000000)
  region size 1024K, 1 young (1024K), 1 survivors (1024K)
 Metaspace       used 150519K, committed 151424K, reserved 1245184K
  class space    used 19674K, committed 20096K, reserved 1048576K
GC Heap History (20 events):
Event: 183.883 GC heap after
{Heap after GC invocations=85 (full 0):
 garbage-first heap   total 249856K, used 135548K [0x0000000080000000, 0x0000000100000000)
  region size 1024K, 5 young (5120K), 5 survivors (5120K)
 Metaspace       used 133817K, committed 134656K, reserved 1179648K
  class space    used 17452K, committed 17856K, reserved 1048576K
}
Event: 183.896 GC heap before
{Heap before GC invocations=85 (full 0):
 garbage-first heap   total 249856K, used 142716K [0x0000000080000000, 0x0000000100000000)
  region size 1024K, 12 young (12288K), 5 survivors (5120K)
 Metaspace       used 133817K, committed 134656K, reserved 1179648K
  class space    used 17452K, committed 17856K, reserved 1048576K
}
Event: 183.947 GC heap after
{Heap after GC invocations=86 (full 0):
 garbage-first heap   total 249856K, used 134400K [0x0000000080000000, 0x0000000100000000)
  region size 1024K, 1 young (1024K), 1 survivors (1024K)
 Metaspace       used 133817K, committed 134656K, reserved 1179648K
  class space    used 17452K, committed 17856K, reserved 1048576K
}
Event: 199.250 GC heap before
{Heap before GC invocations=86 (full 0):
 garbage-first heap   total 249856K, used 195840K [0x0000000080000000, 0x0000000100000000)
  region size 1024K, 62 young (63488K), 1 survivors (1024K)
 Metaspace       used 138562K, committed 139392K, reserved 1179648K
  class space    used 17804K, committed 18176K, reserved 1048576K
}
Event: 199.339 GC heap after
{Heap after GC invocations=87 (full 0):
 garbage-first heap   total 249856K, used 140222K [0x0000000080000000, 0x0000000100000000)
  region size 1024K, 7 young (7168K), 7 survivors (7168K)
 Metaspace       used 138562K, committed 139392K, reserved 1179648K
  class space    used 17804K, committed 18176K, reserved 1048576K
}
Event: 203.982 GC heap before
{Heap before GC invocations=88 (full 0):
 garbage-first heap   total 254976K, used 199614K [0x0000000080000000, 0x0000000100000000)
  region size 1024K, 65 young (66560K), 7 survivors (7168K)
 Metaspace       used 142529K, committed 143296K, reserved 1179648K
  class space    used 18527K, committed 18880K, reserved 1048576K
}
Event: 204.061 GC heap after
{Heap after GC invocations=89 (full 0):
 garbage-first heap   total 254976K, used 142623K [0x0000000080000000, 0x0000000100000000)
  region size 1024K, 3 young (3072K), 3 survivors (3072K)
 Metaspace       used 142529K, committed 143296K, reserved 1179648K
  class space    used 18527K, committed 18880K, reserved 1048576K
}
Event: 204.516 GC heap before
{Heap before GC invocations=89 (full 0):
 garbage-first heap   total 254976K, used 151839K [0x0000000080000000, 0x0000000100000000)
  region size 1024K, 12 young (12288K), 3 survivors (3072K)
 Metaspace       used 143194K, committed 143936K, reserved 1179648K
  class space    used 18641K, committed 19008K, reserved 1048576K
}
Event: 204.551 GC heap after
{Heap after GC invocations=90 (full 0):
 garbage-first heap   total 254976K, used 141588K [0x0000000080000000, 0x0000000100000000)
  region size 1024K, 1 young (1024K), 1 survivors (1024K)
 Metaspace       used 143194K, committed 143936K, reserved 1179648K
  class space    used 18641K, committed 19008K, reserved 1048576K
}
Event: 207.440 GC heap before
{Heap before GC invocations=90 (full 0):
 garbage-first heap   total 254976K, used 176404K [0x0000000080000000, 0x0000000100000000)
  region size 1024K, 36 young (36864K), 1 survivors (1024K)
 Metaspace       used 146034K, committed 146816K, reserved 1179648K
  class space    used 19026K, committed 19392K, reserved 1048576K
}
Event: 207.453 GC heap after
{Heap after GC invocations=91 (full 0):
 garbage-first heap   total 254976K, used 135653K [0x0000000080000000, 0x0000000100000000)
  region size 1024K, 2 young (2048K), 2 survivors (2048K)
 Metaspace       used 146034K, committed 146816K, reserved 1179648K
  class space    used 19026K, committed 19392K, reserved 1048576K
}
Event: 227.551 GC heap before
{Heap before GC invocations=92 (full 0):
 garbage-first heap   total 254976K, used 224741K [0x0000000080000000, 0x0000000100000000)
  region size 1024K, 75 young (76800K), 2 survivors (2048K)
 Metaspace       used 150487K, committed 151360K, reserved 1245184K
  class space    used 19674K, committed 20096K, reserved 1048576K
}
Event: 227.729 GC heap after
{Heap after GC invocations=93 (full 0):
 garbage-first heap   total 254976K, used 163298K [0x0000000080000000, 0x0000000100000000)
  region size 1024K, 10 young (10240K), 10 survivors (10240K)
 Metaspace       used 150487K, committed 151360K, reserved 1245184K
  class space    used 19674K, committed 20096K, reserved 1048576K
}
Event: 227.737 GC heap before
{Heap before GC invocations=93 (full 0):
 garbage-first heap   total 254976K, used 165346K [0x0000000080000000, 0x0000000100000000)
  region size 1024K, 12 young (12288K), 10 survivors (10240K)
 Metaspace       used 150487K, committed 151360K, reserved 1245184K
  class space    used 19674K, committed 20096K, reserved 1048576K
}
Event: 227.854 GC heap after
{Heap after GC invocations=94 (full 0):
 garbage-first heap   total 254976K, used 155546K [0x0000000080000000, 0x0000000100000000)
  region size 1024K, 1 young (1024K), 1 survivors (1024K)
 Metaspace       used 150487K, committed 151360K, reserved 1245184K
  class space    used 19674K, committed 20096K, reserved 1048576K
}
Event: 235.019 GC heap before
{Heap before GC invocations=94 (full 0):
 garbage-first heap   total 254976K, used 209818K [0x0000000080000000, 0x0000000100000000)
  region size 1024K, 55 young (56320K), 1 survivors (1024K)
 Metaspace       used 150507K, committed 151424K, reserved 1245184K
  class space    used 19674K, committed 20096K, reserved 1048576K
}
Event: 237.588 GC heap after
{Heap after GC invocations=95 (full 0):
 garbage-first heap   total 254976K, used 170496K [0x0000000080000000, 0x0000000100000000)
  region size 1024K, 7 young (7168K), 7 survivors (7168K)
 Metaspace       used 150507K, committed 151424K, reserved 1245184K
  class space    used 19674K, committed 20096K, reserved 1048576K
}
Event: 243.200 GC heap before
{Heap before GC invocations=96 (full 0):
 garbage-first heap   total 283648K, used 171520K [0x0000000080000000, 0x0000000100000000)
  region size 1024K, 13 young (13312K), 7 survivors (7168K)
 Metaspace       used 150518K, committed 151424K, reserved 1245184K
  class space    used 19674K, committed 20096K, reserved 1048576K
}
Event: 243.336 GC heap after
{Heap after GC invocations=97 (full 0):
 garbage-first heap   total 283648K, used 167936K [0x0000000080000000, 0x0000000100000000)
  region size 1024K, 1 young (1024K), 1 survivors (1024K)
 Metaspace       used 150518K, committed 151424K, reserved 1245184K
  class space    used 19674K, committed 20096K, reserved 1048576K
}
Event: 253.085 GC heap before
{Heap before GC invocations=97 (full 0):
 garbage-first heap   total 283648K, used 180224K [0x0000000080000000, 0x0000000100000000)
  region size 1024K, 13 young (13312K), 1 survivors (1024K)
 Metaspace       used 150519K, committed 151424K, reserved 1245184K
  class space    used 19674K, committed 20096K, reserved 1048576K
}

